[0m[[0m[0mdebug[0m] [0m[0m> Exec(__runWatch console0, Some(0a4c60c0-379e-40b1-95c3-5f236977c26f), Some(CommandSource(console0)))[0m
[0m[[0m[0mdebug[0m] [0m[0m> Exec(sbtStashOnFailure, None, Some(CommandSource(console0)))[0m
[0m[[0m[0mdebug[0m] [0m[0m> Exec(__preWatch console0, None, Some(CommandSource(console0)))[0m
[0m[[0m[0mdebug[0m] [0m[0m> Exec(run, None, Some(CommandSource(console0)))[0m
[0m[[0m[0mdebug[0m] [0m[0mEvaluating tasks: Compile / run[0m
[0m[[0m[0mdebug[0m] [0m[0mRunning task... Cancel: Signal, check cycles: false, forcegc: true[0m
[0m[[0m[0minfo[0m] [0m[0mcompiling 1 Scala source to /Users/sebastiankaeser/Desktop/Softwarengineering/dame/target/scala-3.1.1/classes ...[0m
[0m[[0m[31merror[0m] [0m[0m[31m-- [E103] Syntax Error: /Users/sebastiankaeser/Desktop/Softwarengineering/dame/src/main/scala/de/htwg/se/dame/Dame.scala:17:0 [0m[0m
[0m[[0m[31merror[0m] [0m[0m[31m17 |[0mdd[0m
[0m[[0m[31merror[0m] [0m[0m   |[31m^^[0m[0m
[0m[[0m[31merror[0m] [0m[0m   |Illegal start of toplevel definition[0m
[0m[[0m[31merror[0m] [0m[0mone error found[0m
[0m[[0m[31merror[0m] [0m[0mone error found[0m
[0m[[0m[31merror[0m] [0m[0m(Compile / [31mcompileIncremental[0m) Compilation failed[0m
[0m[[0m[31merror[0m] [0m[0mTotal time: 0 s, completed 26.03.2022, 11:59:00[0m
[0m[[0m[0mdebug[0m] [0m[0m> Exec(resumeFromFailure, None, Some(CommandSource(console0)))[0m
[0m[[0m[0mdebug[0m] [0m[0m> Exec(sbtPopOnFailure, None, Some(CommandSource(console0)))[0m
[0m[[0m[0mdebug[0m] [0m[0m> Exec(__postWatch console0, None, Some(CommandSource(console0)))[0m
[0m[[0m[0mdebug[0m] [0m[0m> Exec(resumeFromFailure, None, None)[0m
[0m[[0m[0mdebug[0m] [0m[0m> Exec(__waitWatch console0, None, None)[0m
